#
# A fatal error has been detected by the Java Runtime Environment:
#
#  EXCEPTION_ACCESS_VIOLATION (0xc0000005) at pc=0x0000000076eb903f, pid=3600, tid=4536
#
# JRE version: 7.0_13-b20
# Java VM: Java HotSpot(TM) 64-Bit Server VM (23.7-b01 mixed mode windows-amd64 compressed oops)
# Problematic frame:
# C  [ntdll.dll+0x4903f]  CsrAllocateMessagePointer+0x3f
#
# Failed to write core dump. Minidumps are not enabled by default on client versions of Windows
#
# If you would like to submit a bug report, please visit:
#   http://bugreport.sun.com/bugreport/crash.jsp
# The crash happened outside the Java Virtual Machine in native code.
# See problematic frame for where to report the bug.
#

---------------  T H R E A D  ---------------

Current thread (0x000000000bad2800):  JavaThread "Daemon worker" [_thread_in_native, id=4536, stack(0x000000000d6d0000,0x000000000d7d0000)]

siginfo: ExceptionCode=0xc0000005, writing address 0x000000000000005c

Registers:
RAX=0x000000000000005c, RBX=0x000000000dfc45b0, RCX=0x000000000dfc467c, RDX=0x000000000000010a
RSP=0x000000000d7ccef0, RBP=0x000000000000fffe, RSI=0x0000000000000000, RDI=0x000000000dfc45b0
R8 =0x0000000000000085, R9 =0x000000000000010a, R10=0x0000000000000000, R11=0x000000000000ffff
R12=0x000000000000010a, R13=0x0000000000000012, R14=0x000000000d7cd0f0, R15=0x0000000000000085
RIP=0x0000000076eb903f, EFLAGS=0x0000000000010246

Top of Stack: (sp=0x000000000d7ccef0)
0x000000000d7ccef0:   0000000000000000 00000000020402b4
0x000000000d7ccf00:   0000000002041160 00000000003151b0
0x000000000d7ccf10:   00000000010c010a 000000000dfc45b0
0x000000000d7ccf20:   000000000d7cd0b0 0000000076ec0318
0x000000000d7ccf30:   0000000000000000 000000000d7cd230
0x000000000d7ccf40:   000000000dfc45b0 0000000002170000
0x000000000d7ccf50:   000000000000010c 0000000000000101
0x000000000d7ccf60:   0000000002170398 0000000002040080
0x000000000d7ccf70:   0000000000000000 000000000000010a
0x000000000d7ccf80:   0000000002041160 0000000000000000
0x000000000d7ccf90:   000000000b983230 000000000d7cd0e0
0x000000000d7ccfa0:   0000015944aee90a 0000000076b31a0a
0x000000000d7ccfb0:   000000000d7cd138 000000000dfc45b0
0x000000000d7ccfc0:   0000000000000120 0000000002170000
0x000000000d7ccfd0:   0000000000000116 0000000000000116
0x000000000d7ccfe0:   0000000000000000 00000000010c010a 

Instructions: (pc=0x0000000076eb903f)
0x0000000076eb901f:   e2 fc 8b c2 48 01 41 18 8b 41 10 4c 89 44 c1 20
0x0000000076eb902f:   ff 41 10 8b c2 c3 44 8a 74 24 40 e9 50 57 00 00
0x0000000076eb903f:   41 0f b7 c1 48 83 c1 02 48 d1 e8 48 8d 04 43 48
0x0000000076eb904f:   3b c8 73 39 0f b7 01 66 83 c8 20 66 83 f8 70 0f 


Register to memory mapping:

RAX=0x000000000000005c is an unknown value
RBX=0x000000000dfc45b0 is an unknown value
RCX=0x000000000dfc467c is an unknown value
RDX=0x000000000000010a is an unknown value
RSP=0x000000000d7ccef0 is pointing into the stack for thread: 0x000000000bad2800
RBP=0x000000000000fffe is an unknown value
RSI=0x0000000000000000 is an unknown value
RDI=0x000000000dfc45b0 is an unknown value
R8 =0x0000000000000085 is an unknown value
R9 =0x000000000000010a is an unknown value
R10=0x0000000000000000 is an unknown value
R11=0x000000000000ffff is an unknown value
R12=0x000000000000010a is an unknown value
R13=0x0000000000000012 is an unknown value
R14=0x000000000d7cd0f0 is pointing into the stack for thread: 0x000000000bad2800
R15=0x0000000000000085 is an unknown value


Stack: [0x000000000d6d0000,0x000000000d7d0000],  sp=0x000000000d7ccef0,  free space=1011k
Native frames: (J=compiled Java code, j=interpreted, Vv=VM code, C=native code)
C  [ntdll.dll+0x4903f]  CsrAllocateMessagePointer+0x3f

Java frames: (J=compiled Java code, j=interpreted, Vv=VM code)
J  java.io.WinNTFileSystem.getBooleanAttributes(Ljava/io/File;)I
J  java.io.File.isFile()Z
j  org.gradle.api.internal.changedetection.state.DefaultFileCollectionSnapshotter$1.run()V+30
j  org.gradle.internal.Factories$1.create()Ljava/lang/Object;+4
j  org.gradle.cache.internal.DefaultCacheAccess.useCache(Ljava/lang/String;Lorg/gradle/internal/Factory;)Ljava/lang/Object;+80
j  org.gradle.cache.internal.DefaultCacheAccess.useCache(Ljava/lang/String;Ljava/lang/Runnable;)V+6
j  org.gradle.cache.internal.DefaultPersistentDirectoryStore.useCache(Ljava/lang/String;Ljava/lang/Runnable;)V+6
j  org.gradle.cache.internal.DefaultCacheFactory$ReferenceTrackingCache.useCache(Ljava/lang/String;Ljava/lang/Runnable;)V+9
j  org.gradle.api.internal.changedetection.state.DefaultTaskArtifactStateCacheAccess.useCache(Ljava/lang/String;Ljava/lang/Runnable;)V+6
j  org.gradle.api.internal.changedetection.state.DefaultFileCollectionSnapshotter.snapshot(Lorg/gradle/api/file/FileCollection;)Lorg/gradle/api/internal/changedetection/state/FileCollectionSnapshot;+56
j  org.gradle.api.internal.changedetection.rules.TaskUpToDateState.<init>(Lorg/gradle/api/internal/TaskInternal;Lorg/gradle/api/internal/changedetection/state/TaskHistoryRepository$History;Lorg/gradle/api/internal/changedetection/state/FileCollectionSnapshotter;Lorg/gradle/api/internal/changedetection/state/FileCollectionSnapshotter;)V+117
j  org.gradle.api.internal.changedetection.changes.DefaultTaskArtifactStateRepository$TaskArtifactStateImpl.getStates()Lorg/gradle/api/internal/changedetection/rules/TaskUpToDateState;+34
j  org.gradle.api.internal.changedetection.changes.DefaultTaskArtifactStateRepository$TaskArtifactStateImpl.isUpToDate(Ljava/util/Collection;)Z+2
j  org.gradle.api.internal.tasks.execution.SkipUpToDateTaskExecuter.execute(Lorg/gradle/api/internal/TaskInternal;Lorg/gradle/api/internal/tasks/TaskStateInternal;Lorg/gradle/api/internal/tasks/TaskExecutionContext;)V+45
j  org.gradle.api.internal.tasks.execution.ValidatingTaskExecuter.execute(Lorg/gradle/api/internal/TaskInternal;Lorg/gradle/api/internal/tasks/TaskStateInternal;Lorg/gradle/api/internal/tasks/TaskExecutionContext;)V+215
j  org.gradle.api.internal.tasks.execution.SkipEmptySourceFilesTaskExecuter.execute(Lorg/gradle/api/internal/TaskInternal;Lorg/gradle/api/internal/tasks/TaskStateInternal;Lorg/gradle/api/internal/tasks/TaskExecutionContext;)V+111
j  org.gradle.api.internal.tasks.execution.SkipTaskWithNoActionsExecuter.execute(Lorg/gradle/api/internal/TaskInternal;Lorg/gradle/api/internal/tasks/TaskStateInternal;Lorg/gradle/api/internal/tasks/TaskExecutionContext;)V+110
j  org.gradle.api.internal.tasks.execution.SkipOnlyIfTaskExecuter.execute(Lorg/gradle/api/internal/TaskInternal;Lorg/gradle/api/internal/tasks/TaskStateInternal;Lorg/gradle/api/internal/tasks/TaskExecutionContext;)V+84
j  org.gradle.api.internal.tasks.execution.ExecuteAtMostOnceTaskExecuter.execute(Lorg/gradle/api/internal/TaskInternal;Lorg/gradle/api/internal/tasks/TaskStateInternal;Lorg/gradle/api/internal/tasks/TaskExecutionContext;)V+26
j  org.gradle.execution.taskgraph.DefaultTaskGraphExecuter$EventFiringTaskWorker.execute(Lorg/gradle/api/internal/TaskInternal;)V+106
j  org.gradle.execution.taskgraph.DefaultTaskGraphExecuter$EventFiringTaskWorker.execute(Ljava/lang/Object;)V+5
j  org.gradle.execution.taskgraph.AbstractTaskPlanExecutor$TaskExecutorWorker.processTask(Lorg/gradle/execution/taskgraph/TaskInfo;)V+8
j  org.gradle.execution.taskgraph.AbstractTaskPlanExecutor$TaskExecutorWorker.run()V+56
j  org.gradle.execution.taskgraph.DefaultTaskPlanExecutor.process(Lorg/gradle/execution/taskgraph/TaskExecutionPlan;Lorg/gradle/api/Action;)V+6
j  org.gradle.execution.taskgraph.DefaultTaskGraphExecuter.execute()V+65
j  org.gradle.execution.SelectedTaskExecutionAction.execute(Lorg/gradle/execution/BuildExecutionContext;)V+55
j  org.gradle.execution.DefaultBuildExecuter.execute(Lorg/gradle/api/internal/GradleInternal;I)V+37
j  org.gradle.execution.DefaultBuildExecuter.access$000(Lorg/gradle/execution/DefaultBuildExecuter;Lorg/gradle/api/internal/GradleInternal;I)V+3
j  org.gradle.execution.DefaultBuildExecuter$1.proceed()V+14
j  org.gradle.execution.DryRunBuildExecutionAction.execute(Lorg/gradle/execution/BuildExecutionContext;)V+68
j  org.gradle.execution.DefaultBuildExecuter.execute(Lorg/gradle/api/internal/GradleInternal;I)V+37
j  org.gradle.execution.DefaultBuildExecuter.execute(Lorg/gradle/api/internal/GradleInternal;)V+3
j  org.gradle.initialization.DefaultGradleLauncher$4.run()V+14
j  org.gradle.internal.Factories$1.create()Ljava/lang/Object;+4
j  org.gradle.internal.progress.DefaultBuildOperationExecutor.run(Lorg/gradle/internal/progress/BuildOperationDetails;Lorg/gradle/internal/Factory;)Ljava/lang/Object;+171
j  org.gradle.internal.progress.DefaultBuildOperationExecutor.run(Ljava/lang/String;Ljava/lang/Runnable;)V+12
j  org.gradle.initialization.DefaultGradleLauncher.doBuildStages(Lorg/gradle/initialization/DefaultGradleLauncher$Stage;)V+85
j  org.gradle.initialization.DefaultGradleLauncher.access$200(Lorg/gradle/initialization/DefaultGradleLauncher;Lorg/gradle/initialization/DefaultGradleLauncher$Stage;)V+2
j  org.gradle.initialization.DefaultGradleLauncher$1.create()Lorg/gradle/BuildResult;+29
j  org.gradle.initialization.DefaultGradleLauncher$1.create()Ljava/lang/Object;+1
j  org.gradle.internal.progress.DefaultBuildOperationExecutor.run(Lorg/gradle/internal/progress/BuildOperationDetails;Lorg/gradle/internal/Factory;)Ljava/lang/Object;+171
j  org.gradle.internal.progress.DefaultBuildOperationExecutor.run(Ljava/lang/String;Lorg/gradle/internal/Factory;)Ljava/lang/Object;+9
j  org.gradle.initialization.DefaultGradleLauncher.doBuild(Lorg/gradle/initialization/DefaultGradleLauncher$Stage;)Lorg/gradle/BuildResult;+25
j  org.gradle.initialization.DefaultGradleLauncher.run()Lorg/gradle/BuildResult;+4
j  org.gradle.launcher.exec.InProcessBuildActionExecuter$DefaultBuildController.run()Lorg/gradle/api/internal/GradleInternal;+4
j  org.gradle.tooling.internal.provider.runner.BuildModelActionRunner.run(Lorg/gradle/internal/invocation/BuildAction;Lorg/gradle/internal/invocation/BuildController;)V+29
j  org.gradle.launcher.exec.ChainingBuildActionRunner.run(Lorg/gradle/internal/invocation/BuildAction;Lorg/gradle/internal/invocation/BuildController;)V+34
j  org.gradle.tooling.internal.provider.runner.SubscribableBuildActionRunner.run(Lorg/gradle/internal/invocation/BuildAction;Lorg/gradle/internal/invocation/BuildController;)V+37
j  org.gradle.launcher.exec.ChainingBuildActionRunner.run(Lorg/gradle/internal/invocation/BuildAction;Lorg/gradle/internal/invocation/BuildController;)V+34
j  org.gradle.launcher.exec.InProcessBuildActionExecuter.execute(Lorg/gradle/internal/invocation/BuildAction;Lorg/gradle/initialization/BuildRequestContext;Lorg/gradle/launcher/exec/BuildActionParameters;Lorg/gradle/internal/service/ServiceRegistry;)Ljava/lang/Object;+63
j  org.gradle.launcher.exec.InProcessBuildActionExecuter.execute(Lorg/gradle/internal/invocation/BuildAction;Lorg/gradle/initialization/BuildRequestContext;Ljava/lang/Object;Lorg/gradle/internal/service/ServiceRegistry;)Ljava/lang/Object;+9
j  org.gradle.launcher.exec.ContinuousBuildActionExecuter.execute(Lorg/gradle/internal/invocation/BuildAction;Lorg/gradle/initialization/BuildRequestContext;Lorg/gradle/launcher/exec/BuildActionParameters;Lorg/gradle/internal/service/ServiceRegistry;)Ljava/lang/Object;+70
j  org.gradle.launcher.exec.ContinuousBuildActionExecuter.execute(Lorg/gradle/internal/invocation/BuildAction;Lorg/gradle/initialization/BuildRequestContext;Ljava/lang/Object;Lorg/gradle/internal/service/ServiceRegistry;)Ljava/lang/Object;+9
j  org.gradle.launcher.daemon.server.exec.ExecuteBuild.doBuild(Lorg/gradle/launcher/daemon/server/api/DaemonCommandExecution;Lorg/gradle/launcher/daemon/protocol/Build;)V+74
j  org.gradle.launcher.daemon.server.exec.BuildCommandOnly.execute(Lorg/gradle/launcher/daemon/server/api/DaemonCommandExecution;)V+49
j  org.gradle.launcher.daemon.server.api.DaemonCommandExecution.proceed()Z+28
j  org.gradle.launcher.daemon.server.exec.WatchForDisconnection.execute(Lorg/gradle/launcher/daemon/server/api/DaemonCommandExecution;)V+19
j  org.gradle.launcher.daemon.server.api.DaemonCommandExecution.proceed()Z+28
j  org.gradle.launcher.daemon.server.exec.ResetDeprecationLogger.execute(Lorg/gradle/launcher/daemon/server/api/DaemonCommandExecution;)V+4
j  org.gradle.launcher.daemon.server.api.DaemonCommandExecution.proceed()Z+28
j  org.gradle.launcher.daemon.server.exec.RequestStopIfSingleUsedDaemon.execute(Lorg/gradle/launcher/daemon/server/api/DaemonCommandExecution;)V+31
j  org.gradle.launcher.daemon.server.api.DaemonCommandExecution.proceed()Z+28
j  org.gradle.launcher.daemon.server.exec.ForwardClientInput$2.call()Ljava/lang/Void;+4
j  org.gradle.launcher.daemon.server.exec.ForwardClientInput$2.call()Ljava/lang/Object;+1
j  org.gradle.util.Swapper.swap(Ljava/lang/Object;Ljava/util/concurrent/Callable;)Ljava/lang/Object;+21
j  org.gradle.launcher.daemon.server.exec.ForwardClientInput.execute(Lorg/gradle/launcher/daemon/server/api/DaemonCommandExecution;)V+63
j  org.gradle.launcher.daemon.server.api.DaemonCommandExecution.proceed()Z+28
j  org.gradle.launcher.daemon.server.health.DaemonHealthTracker.execute(Lorg/gradle/launcher/daemon/server/api/DaemonCommandExecution;)V+35
j  org.gradle.launcher.daemon.server.api.DaemonCommandExecution.proceed()Z+28
j  org.gradle.launcher.daemon.server.exec.LogToClient.doBuild(Lorg/gradle/launcher/daemon/server/api/DaemonCommandExecution;Lorg/gradle/launcher/daemon/protocol/Build;)V+106
j  org.gradle.launcher.daemon.server.exec.BuildCommandOnly.execute(Lorg/gradle/launcher/daemon/server/api/DaemonCommandExecution;)V+49
j  org.gradle.launcher.daemon.server.api.DaemonCommandExecution.proceed()Z+28
j  org.gradle.launcher.daemon.server.exec.EstablishBuildEnvironment.doBuild(Lorg/gradle/launcher/daemon/server/api/DaemonCommandExecution;Lorg/gradle/launcher/daemon/protocol/Build;)V+243
j  org.gradle.launcher.daemon.server.exec.BuildCommandOnly.execute(Lorg/gradle/launcher/daemon/server/api/DaemonCommandExecution;)V+49
j  org.gradle.launcher.daemon.server.api.DaemonCommandExecution.proceed()Z+28
j  org.gradle.launcher.daemon.server.health.HintGCAfterBuild.execute(Lorg/gradle/launcher/daemon/server/api/DaemonCommandExecution;)V+1
j  org.gradle.launcher.daemon.server.api.DaemonCommandExecution.proceed()Z+28
j  org.gradle.launcher.daemon.server.exec.StartBuildOrRespondWithBusy$1.run()V+44
j  org.gradle.launcher.daemon.server.DaemonStateCoordinator$1.run()V+4
j  org.gradle.internal.concurrent.ExecutorPolicy$CatchAndRecordFailures.onExecute(Ljava/lang/Runnable;)V+1
j  org.gradle.internal.concurrent.StoppableExecutorImpl$1.run()V+25
j  java.util.concurrent.ThreadPoolExecutor.runWorker(Ljava/util/concurrent/ThreadPoolExecutor$Worker;)V+95
j  java.util.concurrent.ThreadPoolExecutor$Worker.run()V+5
j  java.lang.Thread.run()V+11
v  ~StubRoutines::call_stub

---------------  P R O C E S S  ---------------

Java Threads: ( => current thread )
  0x000000000b9f8800 JavaThread "Stdin handler" [_thread_blocked, id=3344, stack(0x000000000ecc0000,0x000000000edc0000)]
  0x000000000b9f7000 JavaThread "Cancel handler" [_thread_blocked, id=4924, stack(0x000000000cda0000,0x000000000cea0000)]
  0x000000000b9f7800 JavaThread "Handler for socket connection from /127.0.0.1:49204 to /127.0.0.1:49257" [_thread_in_native, id=1836, stack(0x000000000d410000,0x000000000d510000)]
  0x000000000b2cf000 JavaThread "File lock request listener" [_thread_in_native, id=3624, stack(0x000000000d5a0000,0x000000000d6a0000)]
=>0x000000000bad2800 JavaThread "Daemon worker" [_thread_in_native, id=4536, stack(0x000000000d6d0000,0x000000000d7d0000)]
  0x000000000b890000 JavaThread "Daemon" [_thread_blocked, id=4184, stack(0x000000000d210000,0x000000000d310000)]
  0x000000000ba50800 JavaThread "Incoming local TCP Connector on port 49204" [_thread_in_native, id=4176, stack(0x000000000cf30000,0x000000000d030000)]
  0x00000000095e3000 JavaThread "Service Thread" daemon [_thread_blocked, id=4204, stack(0x000000000a9b0000,0x000000000aab0000)]
  0x00000000095e1800 JavaThread "C2 CompilerThread1" daemon [_thread_blocked, id=4172, stack(0x000000000ac50000,0x000000000ad50000)]
  0x00000000095dd800 JavaThread "C2 CompilerThread0" daemon [_thread_blocked, id=3844, stack(0x000000000a4d0000,0x000000000a5d0000)]
  0x00000000095dc000 JavaThread "Attach Listener" daemon [_thread_blocked, id=4964, stack(0x000000000aac0000,0x000000000abc0000)]
  0x00000000095d5000 JavaThread "Signal Dispatcher" daemon [_thread_blocked, id=5080, stack(0x000000000a8a0000,0x000000000a9a0000)]
  0x0000000002136800 JavaThread "Finalizer" daemon [_thread_blocked, id=5064, stack(0x000000000a7a0000,0x000000000a8a0000)]
  0x0000000002130000 JavaThread "Reference Handler" daemon [_thread_blocked, id=3532, stack(0x000000000a690000,0x000000000a790000)]
  0x000000000217c800 JavaThread "main" [_thread_blocked, id=3640, stack(0x0000000002320000,0x0000000002420000)]

Other Threads:
  0x0000000009531800 VMThread [stack: 0x000000000a3d0000,0x000000000a4d0000] [id=4960]
  0x00000000095fe000 WatcherThread [stack: 0x000000000ae20000,0x000000000af20000] [id=3656]

VM state:not at safepoint (normal execution)

VM Mutex/Monitor currently owned by a thread: None

Heap
 PSYoungGen      total 304576K, used 101201K [0x00000000eaab0000, 0x0000000100000000, 0x0000000100000000)
  eden space 284352K, 28% used [0x00000000eaab0000,0x00000000ef9c47a8,0x00000000fc060000)
  from space 20224K, 99% used [0x00000000fc060000,0x00000000fd41ffa0,0x00000000fd420000)
  to   space 32896K, 0% used [0x00000000fdfe0000,0x00000000fdfe0000,0x0000000100000000)
 ParOldGen       total 86464K, used 54209K [0x00000000c0000000, 0x00000000c5470000, 0x00000000eaab0000)
  object space 86464K, 62% used [0x00000000c0000000,0x00000000c34f04f0,0x00000000c5470000)
 PSPermGen       total 90368K, used 46238K [0x00000000b0000000, 0x00000000b5840000, 0x00000000c0000000)
  object space 90368K, 51% used [0x00000000b0000000,0x00000000b2d279c0,0x00000000b5840000)

Card table byte_map: [0x0000000005420000,0x00000000056b0000] byte_map_base: 0x0000000004ea0000

Polling page: 0x0000000000230000

Code Cache  [0x0000000002420000, 0x0000000002920000, 0x0000000005420000)
 total_blobs=1876 nmethods=1248 adapters=578 free_code_cache=44129Kb largest_free_block=45122432

Compilation events (10 events):
Event: 70.282 Thread 0x00000000095e1800 1325             org.gradle.util.GUtil::isTrue (56 bytes)
Event: 70.285 Thread 0x00000000095e1800 nmethod 1325 0x00000000029086d0 code [0x0000000002908820, 0x0000000002908918]
Event: 70.515 Thread 0x00000000095dd800 1326             org.gradle.api.specs.NotSpec::isSatisfiedBy (19 bytes)
Event: 70.523 Thread 0x00000000095dd800 nmethod 1326 0x0000000002914090 code [0x0000000002914200, 0x0000000002914428]
Event: 72.122 Thread 0x00000000095e1800 1327             java.io.FilterInputStream::close (8 bytes)
Event: 72.129 Thread 0x00000000095e1800 nmethod 1327 0x0000000002913790 code [0x0000000002913920, 0x0000000002913be8]
Event: 72.623 Thread 0x00000000095dd800 1328             com.google.common.cache.LocalCache$StrongEntry::getValueReference (5 bytes)
Event: 72.624 Thread 0x00000000095dd800 nmethod 1328 0x00000000028fa0d0 code [0x00000000028fa200, 0x00000000028fa258]
Event: 72.644 Thread 0x00000000095dd800 1329             com.google.common.cache.LocalCache$StrongAccessEntry::getPreviousInAccessQueue (5 bytes)
Event: 72.645 Thread 0x00000000095dd800 nmethod 1329 0x00000000028f9e10 code [0x00000000028f9f40, 0x00000000028f9f98]

GC Heap History (10 events):
Event: 30.292 GC heap before
{Heap before GC invocations=6 (full 0):
 PSYoungGen      total 135168K, used 135144K [0x00000000eaab0000, 0x00000000fc450000, 0x0000000100000000)
  eden space 129792K, 100% used [0x00000000eaab0000,0x00000000f2970000,0x00000000f2970000)
  from space 5376K, 99% used [0x00000000f2970000,0x00000000f2eaa020,0x00000000f2eb0000)
  to   space 14400K, 0% used [0x00000000fb640000,0x00000000fb640000,0x00000000fc450000)
 ParOldGen       total 86464K, used 15581K [0x00000000c0000000, 0x00000000c5470000, 0x00000000eaab0000)
  object space 86464K, 18% used [0x00000000c0000000,0x00000000c0f37760,0x00000000c5470000)
 PSPermGen       total 33152K, used 33009K [0x00000000b0000000, 0x00000000b2060000, 0x00000000c0000000)
  object space 33152K, 99% used [0x00000000b0000000,0x00000000b203c688,0x00000000b2060000)
Event: 30.316 GC heap after
Heap after GC invocations=6 (full 0):
 PSYoungGen      total 270592K, used 14394K [0x00000000eaab0000, 0x00000000fcaf0000, 0x0000000100000000)
  eden space 256192K, 0% used [0x00000000eaab0000,0x00000000eaab0000,0x00000000fa4e0000)
  from space 14400K, 99% used [0x00000000fb640000,0x00000000fc44e908,0x00000000fc450000)
  to   space 17792K, 0% used [0x00000000fa4e0000,0x00000000fa4e0000,0x00000000fb640000)
 ParOldGen       total 86464K, used 17220K [0x00000000c0000000, 0x00000000c5470000, 0x00000000eaab0000)
  object space 86464K, 19% used [0x00000000c0000000,0x00000000c10d1028,0x00000000c5470000)
 PSPermGen       total 33152K, used 33009K [0x00000000b0000000, 0x00000000b2060000, 0x00000000c0000000)
  object space 33152K, 99% used [0x00000000b0000000,0x00000000b203c688,0x00000000b2060000)
}
Event: 40.398 GC heap before
{Heap before GC invocations=7 (full 0):
 PSYoungGen      total 270592K, used 270586K [0x00000000eaab0000, 0x00000000fcaf0000, 0x0000000100000000)
  eden space 256192K, 100% used [0x00000000eaab0000,0x00000000fa4e0000,0x00000000fa4e0000)
  from space 14400K, 99% used [0x00000000fb640000,0x00000000fc44e908,0x00000000fc450000)
  to   space 17792K, 0% used [0x00000000fa4e0000,0x00000000fa4e0000,0x00000000fb640000)
 ParOldGen       total 86464K, used 17220K [0x00000000c0000000, 0x00000000c5470000, 0x00000000eaab0000)
  object space 86464K, 19% used [0x00000000c0000000,0x00000000c10d1028,0x00000000c5470000)
 PSPermGen       total 43712K, used 43612K [0x00000000b0000000, 0x00000000b2ab0000, 0x00000000c0000000)
  object space 43712K, 99% used [0x00000000b0000000,0x00000000b2a970d8,0x00000000b2ab0000)
Event: 40.457 GC heap after
Heap after GC invocations=7 (full 0):
 PSYoungGen      total 273984K, used 17764K [0x00000000eaab0000, 0x0000000100000000, 0x0000000100000000)
  eden space 256192K, 0% used [0x00000000eaab0000,0x00000000eaab0000,0x00000000fa4e0000)
  from space 17792K, 99% used [0x00000000fa4e0000,0x00000000fb639330,0x00000000fb640000)
  to   space 31552K, 0% used [0x00000000fe130000,0x00000000fe130000,0x0000000100000000)
 ParOldGen       total 86464K, used 38797K [0x00000000c0000000, 0x00000000c5470000, 0x00000000eaab0000)
  object space 86464K, 44% used [0x00000000c0000000,0x00000000c25e3728,0x00000000c5470000)
 PSPermGen       total 43712K, used 43612K [0x00000000b0000000, 0x00000000b2ab0000, 0x00000000c0000000)
  object space 43712K, 99% used [0x00000000b0000000,0x00000000b2a970d8,0x00000000b2ab0000)
}
Event: 42.404 GC heap before
{Heap before GC invocations=8 (full 0):
 PSYoungGen      total 273984K, used 80032K [0x00000000eaab0000, 0x0000000100000000, 0x0000000100000000)
  eden space 256192K, 24% used [0x00000000eaab0000,0x00000000ee77efc0,0x00000000fa4e0000)
  from space 17792K, 99% used [0x00000000fa4e0000,0x00000000fb639330,0x00000000fb640000)
  to   space 31552K, 0% used [0x00000000fe130000,0x00000000fe130000,0x0000000100000000)
 ParOldGen       total 86464K, used 38797K [0x00000000c0000000, 0x00000000c5470000, 0x00000000eaab0000)
  object space 86464K, 44% used [0x00000000c0000000,0x00000000c25e3728,0x00000000c5470000)
 PSPermGen       total 45248K, used 45065K [0x00000000b0000000, 0x00000000b2c30000, 0x00000000c0000000)
  object space 45248K, 99% used [0x00000000b0000000,0x00000000b2c027a8,0x00000000b2c30000)
Event: 42.436 GC heap after
Heap after GC invocations=8 (full 0):
 PSYoungGen      total 315904K, used 20953K [0x00000000eaab0000, 0x0000000100000000, 0x0000000100000000)
  eden space 284352K, 0% used [0x00000000eaab0000,0x00000000eaab0000,0x00000000fc060000)
  from space 31552K, 66% used [0x00000000fe130000,0x00000000ff5a6470,0x0000000100000000)
  to   space 32576K, 0% used [0x00000000fc060000,0x00000000fc060000,0x00000000fe030000)
 ParOldGen       total 86464K, used 40213K [0x00000000c0000000, 0x00000000c5470000, 0x00000000eaab0000)
  object space 86464K, 46% used [0x00000000c0000000,0x00000000c2745728,0x00000000c5470000)
 PSPermGen       total 45248K, used 45065K [0x00000000b0000000, 0x00000000b2c30000, 0x00000000c0000000)
  object space 45248K, 99% used [0x00000000b0000000,0x00000000b2c027a8,0x00000000b2c30000)
}
Event: 42.632 GC heap before
{Heap before GC invocations=9 (full 1):
 PSYoungGen      total 315904K, used 20953K [0x00000000eaab0000, 0x0000000100000000, 0x0000000100000000)
  eden space 284352K, 0% used [0x00000000eaab0000,0x00000000eaab0000,0x00000000fc060000)
  from space 31552K, 66% used [0x00000000fe130000,0x00000000ff5a6470,0x0000000100000000)
  to   space 32576K, 0% used [0x00000000fc060000,0x00000000fc060000,0x00000000fe030000)
 ParOldGen       total 86464K, used 40213K [0x00000000c0000000, 0x00000000c5470000, 0x00000000eaab0000)
  object space 86464K, 46% used [0x00000000c0000000,0x00000000c2745728,0x00000000c5470000)
 PSPermGen       total 45248K, used 45065K [0x00000000b0000000, 0x00000000b2c30000, 0x00000000c0000000)
  object space 45248K, 99% used [0x00000000b0000000,0x00000000b2c027a8,0x00000000b2c30000)
Event: 43.102 GC heap after
Heap after GC invocations=9 (full 1):
 PSYoungGen      total 315904K, used 0K [0x00000000eaab0000, 0x0000000100000000, 0x0000000100000000)
  eden space 284352K, 0% used [0x00000000eaab0000,0x00000000eaab0000,0x00000000fc060000)
  from space 31552K, 0% used [0x00000000fe130000,0x00000000fe130000,0x0000000100000000)
  to   space 32576K, 0% used [0x00000000fc060000,0x00000000fc060000,0x00000000fe030000)
 ParOldGen       total 86464K, used 54209K [0x00000000c0000000, 0x00000000c5470000, 0x00000000eaab0000)
  object space 86464K, 62% used [0x00000000c0000000,0x00000000c34f04f0,0x00000000c5470000)
 PSPermGen       total 90368K, used 45022K [0x00000000b0000000, 0x00000000b5840000, 0x00000000c0000000)
  object space 90368K, 49% used [0x00000000b0000000,0x00000000b2bf79f8,0x00000000b5840000)
}
Event: 65.909 GC heap before
{Heap before GC invocations=10 (full 1):
 PSYoungGen      total 315904K, used 284352K [0x00000000eaab0000, 0x0000000100000000, 0x0000000100000000)
  eden space 284352K, 100% used [0x00000000eaab0000,0x00000000fc060000,0x00000000fc060000)
  from space 31552K, 0% used [0x00000000fe130000,0x00000000fe130000,0x0000000100000000)
  to   space 32576K, 0% used [0x00000000fc060000,0x00000000fc060000,0x00000000fe030000)
 ParOldGen       total 86464K, used 54209K [0x00000000c0000000, 0x00000000c5470000, 0x00000000eaab0000)
  object space 86464K, 62% used [0x00000000c0000000,0x00000000c34f04f0,0x00000000c5470000)
 PSPermGen       total 90368K, used 46127K [0x00000000b0000000, 0x00000000b5840000, 0x00000000c0000000)
  object space 90368K, 51% used [0x00000000b0000000,0x00000000b2d0bd70,0x00000000b5840000)
Event: 66.253 GC heap after
Heap after GC invocations=10 (full 1):
 PSYoungGen      total 304576K, used 20223K [0x00000000eaab0000, 0x0000000100000000, 0x0000000100000000)
  eden space 284352K, 0% used [0x00000000eaab0000,0x00000000eaab0000,0x00000000fc060000)
  from space 20224K, 99% used [0x00000000fc060000,0x00000000fd41ffa0,0x00000000fd420000)
  to   space 32896K, 0% used [0x00000000fdfe0000,0x00000000fdfe0000,0x0000000100000000)
 ParOldGen       total 86464K, used 54209K [0x00000000c0000000, 0x00000000c5470000, 0x00000000eaab0000)
  object space 86464K, 62% used [0x00000000c0000000,0x00000000c34f04f0,0x00000000c5470000)
 PSPermGen       total 90368K, used 46127K [0x00000000b0000000, 0x00000000b5840000, 0x00000000c0000000)
  object space 90368K, 51% used [0x00000000b0000000,0x00000000b2d0bd70,0x00000000b5840000)
}

Deoptimization events (10 events):
Event: 53.624 Thread 0x000000000bad2800 Uncommon trap -34 fr.pc 0x0000000002800d70
Event: 53.624 Thread 0x000000000bad2800 Uncommon trap -58 fr.pc 0x000000000280e8e8
Event: 53.624 Thread 0x000000000bad2800 Uncommon trap -34 fr.pc 0x0000000002800d70
Event: 53.624 Thread 0x000000000bad2800 Uncommon trap -58 fr.pc 0x000000000280e8e8
Event: 53.624 Thread 0x000000000bad2800 Uncommon trap -34 fr.pc 0x0000000002800d70
Event: 53.624 Thread 0x000000000bad2800 Uncommon trap -58 fr.pc 0x000000000280e8e8
Event: 59.543 Thread 0x000000000bad2800 Uncommon trap -34 fr.pc 0x000000000282acc8
Event: 59.543 Thread 0x000000000bad2800 Uncommon trap -34 fr.pc 0x000000000282acc8
Event: 59.543 Thread 0x000000000bad2800 Uncommon trap -34 fr.pc 0x000000000282acc8
Event: 59.544 Thread 0x000000000bad2800 Uncommon trap -34 fr.pc 0x000000000282acc8

Internal exceptions (10 events):
Event: 56.507 Thread 0x000000000bad2800 Threw 0x00000000f5ba5df0 at C:\jdk7u2_64p\jdk7u13\hotspot\src\share\vm\classfile\systemDictionary.cpp:179
Event: 56.601 Thread 0x000000000bad2800 Threw 0x00000000f5c71ae8 at C:\jdk7u2_64p\jdk7u13\hotspot\src\share\vm\prims\jvm.cpp:1166
Event: 56.601 Thread 0x000000000bad2800 Threw 0x00000000f5c726f8 at C:\jdk7u2_64p\jdk7u13\hotspot\src\share\vm\prims\jvm.cpp:1166
Event: 59.272 Thread 0x000000000bad2800 Threw 0x00000000f7446c60 at C:\jdk7u2_64p\jdk7u13\hotspot\src\share\vm\prims\jvm.cpp:1166
Event: 59.273 Thread 0x000000000bad2800 Threw 0x00000000f744ac00 at C:\jdk7u2_64p\jdk7u13\hotspot\src\share\vm\prims\jvm.cpp:1166
Event: 59.273 Thread 0x000000000bad2800 Threw 0x00000000f744eda0 at C:\jdk7u2_64p\jdk7u13\hotspot\src\share\vm\prims\jvm.cpp:1166
Event: 59.274 Thread 0x000000000bad2800 Threw 0x00000000f7452c18 at C:\jdk7u2_64p\jdk7u13\hotspot\src\share\vm\prims\jvm.cpp:1166
Event: 59.274 Thread 0x000000000bad2800 Threw 0x00000000f7456ec0 at C:\jdk7u2_64p\jdk7u13\hotspot\src\share\vm\prims\jvm.cpp:1166
Event: 59.540 Thread 0x000000000bad2800 Threw 0x00000000f77ed290 at C:\jdk7u2_64p\jdk7u13\hotspot\src\share\vm\prims\jvm.cpp:1166
Event: 59.540 Thread 0x000000000bad2800 Threw 0x00000000f77edd08 at C:\jdk7u2_64p\jdk7u13\hotspot\src\share\vm\prims\jvm.cpp:1166

Events (10 events):
Event: 66.292 Executing VM operation: RevokeBias
Event: 66.292 Executing VM operation: RevokeBias done
Event: 66.292 Executing VM operation: RevokeBias
Event: 66.293 Executing VM operation: RevokeBias done
Event: 66.294 Executing VM operation: RevokeBias
Event: 66.294 Executing VM operation: RevokeBias done
Event: 66.933 Thread 0x00000000095dd800 flushing nmethod 0x0000000002800990
Event: 66.934 Thread 0x00000000095dd800 flushing nmethod 0x000000000280e2d0
Event: 67.489 Thread 0x00000000095dd800 flushing nmethod 0x000000000288ad10
Event: 67.506 Thread 0x00000000095e1800 flushing nmethod 0x00000000028af5d0


Dynamic libraries:
0x000000013ffa0000 - 0x000000013ffd3000 	D:\Program Files\Java\jdk1.7.0_13\bin\java.exe
0x0000000076e70000 - 0x000000007701a000 	C:\Windows\SYSTEM32\ntdll.dll
0x0000000076b10000 - 0x0000000076c2f000 	C:\Windows\system32\kernel32.dll
0x000007fefcf90000 - 0x000007fefcffa000 	C:\Windows\system32\KERNELBASE.dll
0x000007fefe670000 - 0x000007fefe74b000 	C:\Windows\system32\ADVAPI32.dll
0x000007fefec80000 - 0x000007fefed1f000 	C:\Windows\system32\msvcrt.dll
0x000007fefeb30000 - 0x000007fefeb4f000 	C:\Windows\SYSTEM32\sechost.dll
0x000007fefeb50000 - 0x000007fefec7d000 	C:\Windows\system32\RPCRT4.dll
0x0000000076d70000 - 0x0000000076e6a000 	C:\Windows\system32\USER32.dll
0x000007fefee40000 - 0x000007fefeea7000 	C:\Windows\system32\GDI32.dll
0x000007fefed20000 - 0x000007fefed2e000 	C:\Windows\system32\LPK.dll
0x000007fefe470000 - 0x000007fefe53a000 	C:\Windows\system32\USP10.dll
0x000007fefb2e0000 - 0x000007fefb4d4000 	C:\Windows\WinSxS\amd64_microsoft.windows.common-controls_6595b64144ccf1df_6.0.7601.18837_none_fa3b1e3d17594757\COMCTL32.dll
0x000007fefd610000 - 0x000007fefd681000 	C:\Windows\system32\SHLWAPI.dll
0x000007fefe640000 - 0x000007fefe66e000 	C:\Windows\system32\IMM32.DLL
0x000007fefed30000 - 0x000007fefee39000 	C:\Windows\system32\MSCTF.dll
0x000007fefcb50000 - 0x000007fefcb81000 	C:\Windows\system32\nvinitx.dll
0x000007fefcb40000 - 0x000007fefcb4c000 	C:\Windows\system32\VERSION.dll
0x000000000f000000 - 0x000000000f006000 	C:\Program Files\NVIDIA Corporation\CoProcManager\detoured.dll
0x000007fefae90000 - 0x000007fefaec2000 	C:\Program Files\NVIDIA Corporation\CoProcManager\nvd3d9wrapx.dll
0x000007fefeec0000 - 0x000007feff097000 	C:\Windows\system32\SETUPAPI.dll
0x000007fefceb0000 - 0x000007fefcee6000 	C:\Windows\system32\CFGMGR32.dll
0x000007feff0a0000 - 0x000007feff17a000 	C:\Windows\system32\OLEAUT32.dll
0x000007fefe900000 - 0x000007fefeb03000 	C:\Windows\system32\ole32.dll
0x000007fefcef0000 - 0x000007fefcf0a000 	C:\Windows\system32\DEVOBJ.dll
0x000007fefae60000 - 0x000007fefae82000 	C:\Program Files\NVIDIA Corporation\CoProcManager\nvdxgiwrapx.dll
0x0000000071000000 - 0x00000000710d1000 	D:\Program Files\Java\jdk1.7.0_13\jre\bin\msvcr100.dll
0x0000000064cb0000 - 0x00000000653cf000 	D:\Program Files\Java\jdk1.7.0_13\jre\bin\server\jvm.dll
0x000007feeee70000 - 0x000007feeee79000 	C:\Windows\system32\WSOCK32.dll
0x000007fefd690000 - 0x000007fefd6dd000 	C:\Windows\system32\WS2_32.dll
0x000007fefeeb0000 - 0x000007fefeeb8000 	C:\Windows\system32\NSI.dll
0x000007fefce70000 - 0x000007fefceab000 	C:\Windows\system32\WINMM.dll
0x0000000077040000 - 0x0000000077047000 	C:\Windows\system32\PSAPI.DLL
0x0000000065630000 - 0x000000006563f000 	D:\Program Files\Java\jdk1.7.0_13\jre\bin\verify.dll
0x0000000064c80000 - 0x0000000064ca8000 	D:\Program Files\Java\jdk1.7.0_13\jre\bin\java.dll
0x0000000065570000 - 0x0000000065585000 	D:\Program Files\Java\jdk1.7.0_13\jre\bin\zip.dll
0x0000000064c30000 - 0x0000000064c49000 	D:\Program Files\Java\jdk1.7.0_13\jre\bin\net.dll
0x000007fefc380000 - 0x000007fefc3d5000 	C:\Windows\system32\mswsock.dll
0x000007fefc370000 - 0x000007fefc377000 	C:\Windows\System32\wship6.dll
0x0000000064c10000 - 0x0000000064c21000 	D:\Program Files\Java\jdk1.7.0_13\jre\bin\nio.dll
0x000007feed430000 - 0x000007feed442000 	C:\Users\DengHuichao\.gradle\native\19\windows-amd64\native-platform.dll
0x000007fefae20000 - 0x000007fefae47000 	C:\Windows\system32\IPHLPAPI.DLL
0x000007fefae10000 - 0x000007fefae1b000 	C:\Windows\system32\WINNSI.DLL
0x000007fefa830000 - 0x000007fefa848000 	C:\Windows\system32\dhcpcsvc.DLL
0x000007fefa810000 - 0x000007fefa821000 	C:\Windows\system32\dhcpcsvc6.DLL
0x000007fefc3e0000 - 0x000007fefc3f7000 	C:\Windows\system32\CRYPTSP.dll
0x000007fefc0e0000 - 0x000007fefc127000 	C:\Windows\system32\rsaenh.dll
0x000007fefbe60000 - 0x000007fefbe7e000 	C:\Windows\system32\USERENV.dll
0x000007fefcb90000 - 0x000007fefcb9f000 	C:\Windows\system32\profapi.dll
0x000007fefca70000 - 0x000007fefca7f000 	C:\Windows\system32\CRYPTBASE.dll
0x000007fefb6f0000 - 0x000007fefb705000 	C:\Windows\system32\NLAapi.dll
0x000007fef6c90000 - 0x000007fef6ca5000 	C:\Windows\system32\napinsp.dll
0x000007fef6c70000 - 0x000007fef6c89000 	C:\Windows\system32\pnrpnsp.dll
0x000007fefc200000 - 0x000007fefc25b000 	C:\Windows\system32\DNSAPI.dll
0x000007fef6c60000 - 0x000007fef6c6b000 	C:\Windows\System32\winrnr.dll
0x000007fef6c50000 - 0x000007fef6c60000 	C:\Windows\system32\wshbth.dll
0x000007fefbd20000 - 0x000007fefbd27000 	C:\Windows\System32\wshtcpip.dll
0x000007fef7290000 - 0x000007fef7298000 	C:\Windows\system32\rasadhlp.dll
0x000007fefa8b0000 - 0x000007fefa903000 	C:\Windows\System32\fwpuclnt.dll
0x000007fefca10000 - 0x000007fefca67000 	C:\Windows\system32\apphelp.dll
0x0000000064a20000 - 0x0000000064a2b000 	D:\Program Files\Java\jdk1.7.0_13\jre\bin\management.dll
0x000007feec370000 - 0x000007feec495000 	C:\Windows\system32\dbghelp.dll

VM Arguments:
jvm_args: -XX:MaxPermSize=256m -XX:+HeapDumpOnOutOfMemoryError -Xmx1024m -Dfile.encoding=GBK -Duser.country=CN -Duser.language=zh -Duser.variant 
java_command: org.gradle.launcher.daemon.bootstrap.GradleDaemon 2.8
Launcher Type: SUN_STANDARD

Environment Variables:
JAVA_HOME=D:\Program Files\Java\jdk1.7.0_13
CLASSPATH=.;D:\Program Files\Java\jdk1.7.0_13\lib\dt.jar;D:\Program Files\Java\jdk1.7.0_13\lib\tools.jar;
PATH=D:\Program Files\Java\jdk1.7.0_13\bin;D:\Program Files\TortoiseSVN\bin;C:\Windows\system32;C:\Windows;C:\Windows\system32\wbem
USERNAME=DengHuichao
OS=Windows_NT
PROCESSOR_IDENTIFIER=Intel64 Family 6 Model 61 Stepping 4, GenuineIntel



---------------  S Y S T E M  ---------------

OS: Windows 7 , 64 bit Build 7601 Service Pack 1

CPU:total 4 (2 cores per cpu, 2 threads per core) family 6 model 61 stepping 4, cmov, cx8, fxsr, mmx, sse, sse2, sse3, ssse3, sse4.1, sse4.2, popcnt, avx, avx2, ht, tsc, tscinvbit

Memory: 4k page, physical 8298380k(5268800k free), swap 16594900k(13083972k free)

vm_info: Java HotSpot(TM) 64-Bit Server VM (23.7-b01) for windows-amd64 JRE (1.7.0_13-b20), built on Jan 30 2013 10:10:00 by "java_re" with unknown MS VC++:1600

time: Fri Dec 30 09:08:35 2016
elapsed time: 72 seconds

